app/build/outputs/logs/manifest-merger-debug-report.txt
-- Merging decision tree log ---
manifest
ADDED from src\main\AndroidManifest.xml:17:1-55:12
INJECTED from src\main\AndroidManifest.xml:17:1-55:12
INJECTED from src\main\AndroidManifest.xml:17:1-55:12
INJECTED from src\main\AndroidManifest.xml:17:1-55:12
INJECTED from src\main\AndroidManifest.xml:17:1-55:12
INJECTED from src\main\AndroidManifest.xml:17:1-55:12
INJECTED from src\main\AndroidManifest.xml:17:1-55:12
	package
		ADDED from src\main\AndroidManifest.xml:18:5-55
		INJECTED from src\main\AndroidManifest.xml
		INJECTED from src\main\AndroidManifest.xml
	android:versionName
		ADDED from src\main\AndroidManifest.xml:20:5-30
		INJECTED from src\main\AndroidManifest.xml
		INJECTED from src\main\AndroidManifest.xml
	xmlns:android
		ADDED from src\main\AndroidManifest.xml:17:11-69
	android:versionCode
		ADDED from src\main\AndroidManifest.xml:19:5-28
		INJECTED from src\main\AndroidManifest.xml
		INJECTED from src\main\AndroidManifest.xml
uses-sdk
ADDED from src\main\AndroidManifest.xml:23:5-26:11
INJECTED from src\main\AndroidManifest.xml:23:5-26:11
INJECTED from src\main\AndroidManifest.xml:23:5-26:11
INJECTED from src\main\AndroidManifest.xml:23:5-26:11
INJECTED from src\main\AndroidManifest.xml:23:5-26:11
	android:targetSdkVersion
		ADDED from src\main\AndroidManifest.xml:25:9-38
		INJECTED from src\main\AndroidManifest.xml
		INJECTED from src\main\AndroidManifest.xml
	android:minSdkVersion
		ADDED from src\main\AndroidManifest.xml:24:9-35
		INJECTED from src\main\AndroidManifest.xml
		INJECTED from src\main\AndroidManifest.xml
application
ADDED from src\main\AndroidManifest.xml:28:5-53:19
	android:label
		ADDED from src\main\AndroidManifest.xml:31:9-41
	android:icon
		ADDED from src\main\AndroidManifest.xml:30:9-44
	android:allowBackup
		ADDED from src\main\AndroidManifest.xml:29:9-35
activity#com.google.android.glass.sample.charades.StartGameActivity
ADDED from src\main\AndroidManifest.xml:34:9-45:20
	android:name
		ADDED from src\main\AndroidManifest.xml:34:19-52
intent-filter#action:name:android.intent.action.MAIN+action:name:com.google.android.glass.action.VOICE_TRIGGER+category:name:android.intent.category.LAUNCHER
ADDED from src\main\AndroidManifest.xml:35:13-40:29
action#android.intent.action.MAIN
ADDED from src\main\AndroidManifest.xml:36:17-69
	android:name
		ADDED from src\main\AndroidManifest.xml:36:25-66
category#android.intent.category.LAUNCHER
ADDED from src\main\AndroidManifest.xml:38:17-77
	android:name
		ADDED from src\main\AndroidManifest.xml:38:27-74
action#com.google.android.glass.action.VOICE_TRIGGER
ADDED from src\main\AndroidManifest.xml:39:17-88
	android:name
		ADDED from src\main\AndroidManifest.xml:39:25-85
meta-data#com.google.android.glass.VoiceTrigger
ADDED from src\main\AndroidManifest.xml:41:13-44:19
	android:resource
		ADDED from src\main\AndroidManifest.xml:43:17-66
	android:name
		ADDED from src\main\AndroidManifest.xml:42:17-69
activity#com.google.android.glass.sample.charades.GameplayActivity
ADDED from src\main\AndroidManifest.xml:47:9-54
	android:name
		ADDED from src\main\AndroidManifest.xml:47:19-51
activity#com.google.android.glass.sample.charades.TutorialActivity
ADDED from src\main\AndroidManifest.xml:49:9-54
	android:name
		ADDED from src\main\AndroidManifest.xml:49:19-51
activity#com.google.android.glass.sample.charades.GameResultsActivity
ADDED from src\main\AndroidManifest.xml:51:9-57
	android:name
		ADDED from src\main\AndroidManifest.xml:51:19-54